<?xml version="1.0" encoding="UTF-8"?>
<testsuite xmlns:xsi="http://www.w3.org/2001/XMLSchema-instance" xsi:noNamespaceSchemaLocation="https://maven.apache.org/surefire/maven-surefire-plugin/xsd/surefire-test-report.xsd" version="3.0.2" name="TestSuite" time="28.062" tests="12" errors="0" skipped="0" failures="1">
  <properties>
[...]
</properties>
  <testcase name="getAllUsersTest" classname="com.api.qa.gorest.tests.GetUserTest" time="3.941">
    <system-out><![CDATA[...
... TestNG 7.7.0 by Cédric Beust (cedric@beust.com)
...

running tests on environment....prod
properties >>>>{baseurl.spotifyOauth2=https://accounts.spotify.com, bearertoken=f4d6f854c93a235616c4cbf2fc4ecd38684edabc8d88a2aac53a85e802632170, baseurl.gorest=https://gorest.co.in, baseurl.spotifyGetAlbum=https://api.spotify.com}
Request method:	GET
Request URI:	https://gorest.co.in/public/v2/users
Proxy:			<none>
Request params:	<none>
Query params:	<none>
Form params:	<none>
Path params:	<none>
Headers:		Accept=application/json, application/javascript, text/javascript, text/json
				Authorization=Bearer f4d6f854c93a235616c4cbf2fc4ecd38684edabc8d88a2aac53a85e802632170
				Content-Type=application/json
Cookies:		<none>
Multiparts:		<none>
Body:			<none>
[
    {
        "id": 8281615,
        "name": "vishnoi",
        "email": "RA_automation1765093845963@gmail.com",
        "gender": "female",
        "status": "inactive"
    },
    {
        "id": 8281614,
        "name": "Radhika",
        "email": "10radhika@gmail.com",
        "gender": "female",
        "status": "active"
    },
    {
        "id": 8281613,
        "name": "pashika",
        "email": "RA_automation1765093843588@gmail.com",
        "gender": "female",
        "status": "active"
    },
    {
        "id": 8281612,
        "name": "raja",
        "email": "RA_automation1765093842730@gmail.com",
        "gender": "male",
        "status": "active"
    },
    {
        "id": 8281611,
        "name": "sonu",
        "email": "RA_automation1765093841483@gmail.com",
        "gender": "male",
        "status": "active"
    },
    {
        "id": 8281610,
        "name": "mukul",
        "email": "RA_automation1765093840272@gmail.com",
        "gender": "male",
        "status": "active"
    },
    {
        "id": 8281609,
        "name": "puneet",
        "email": "RA_automation1765093839397@gmail.com",
        "gender": "male",
        "status": "inactive"
    },
    {
        "id": 8281608,
        "name": "ankita",
        "email": "RA_automation1765093838341@gmail.com",
        "gender": "male",
        "status": "active"
    },
    {
        "id": 8280711,
        "name": "vishnoi",
        "email": "RA_automation1765038420938@gmail.com",
        "gender": "female",
        "status": "inactive"
    },
    {
        "id": 8280710,
        "name": "Radhika",
        "email": "1111radhika@gmail.com",
        "gender": "female",
        "status": "active"
    }
]
]]></system-out>
    <system-err><![CDATA[SLF4J(W): No SLF4J providers were found.
SLF4J(W): Defaulting to no-operation (NOP) logger implementation
SLF4J(W): See https://www.slf4j.org/codes.html#noProviders for further details.
log4j:WARN No appenders could be found for logger (freemarker.cache).
log4j:WARN Please initialize the log4j system properly.
]]></system-err>
  </testcase>
  <testcase name="getAllUsersTestWithQueryParamTest" classname="com.api.qa.gorest.tests.GetUserTest" time="0.865">
    <system-out><![CDATA[Request method:	GET
Request URI:	https://gorest.co.in/public/v2/users?name=naveen&status=active
Proxy:			<none>
Request params:	<none>
Query params:	name=naveen
				status=active
Form params:	<none>
Path params:	<none>
Headers:		Accept=application/json, application/javascript, text/javascript, text/json
				Authorization=Bearer f4d6f854c93a235616c4cbf2fc4ecd38684edabc8d88a2aac53a85e802632170
				Content-Type=application/json
Cookies:		<none>
Multiparts:		<none>
Body:			<none>
[
    {
        "id": 8115331,
        "name": "Naveen Gandhi CPA",
        "email": "naveen_cpa_gandhi@altenwerth.test",
        "gender": "female",
        "status": "active"
    }
]
]]></system-out>
  </testcase>
  <testcase name="getSingleUserTest" classname="com.api.qa.gorest.tests.GetUserTest" time="2.268">
    <system-out><![CDATA[Request method:	GET
Request URI:	https://gorest.co.in/public/v2/users/8229266
Proxy:			<none>
Request params:	<none>
Query params:	<none>
Form params:	<none>
Path params:	<none>
Headers:		Accept=application/json, application/javascript, text/javascript, text/json
				Authorization=Bearer f4d6f854c93a235616c4cbf2fc4ecd38684edabc8d88a2aac53a85e802632170
				Content-Type=application/json
Cookies:		<none>
Multiparts:		<none>
Body:			<none>
{
    "id": 8229266,
    "name": "Bhushan Dwivedi",
    "email": "bhushan_dwivedi@hackett-borer.example",
    "gender": "female",
    "status": "active"
}
]]></system-out>
  </testcase>
  <testcase name="createAUserTest[ankita, male, active](1)" classname="com.api.qa.gorest.tests.CreateUserTest" time="2.28">
    <system-out><![CDATA[Request method:	POST
Request URI:	https://gorest.co.in/public/v2/users
Proxy:			<none>
Request params:	<none>
Query params:	<none>
Form params:	<none>
Path params:	<none>
Headers:		Accept=application/json, application/javascript, text/javascript, text/json
				Authorization=Bearer f4d6f854c93a235616c4cbf2fc4ecd38684edabc8d88a2aac53a85e802632170
				Content-Type=application/json
Cookies:		<none>
Multiparts:		<none>
Body:
{
    "name": "ankita",
    "email": "RA_automation1765094740103@gmail.com",
    "gender": "male",
    "status": "active"
}
HTTP/1.1 201 Created
Date: Sun, 07 Dec 2025 08:07:35 GMT
Content-Type: application/json; charset=utf-8
Content-Length: 111
Connection: keep-alive
Cache-Control: max-age=0, private, must-revalidate
etag: W/"742e9780aaa78edfb59c14e6e6d00813"
feature-policy: camera 'none'; gyroscope 'none'; microphone 'none'; usb 'none'; fullscreen 'self'
location: https://gorest.co.in/public/v2/users/8281624
referrer-policy: strict-origin-when-cross-origin
vary: Origin
x-content-type-options: nosniff
x-download-options: noopen
x-frame-options: SAMEORIGIN
x-permitted-cross-domain-policies: none
x-ratelimit-limit: 90
x-ratelimit-remaining: 89
x-ratelimit-reset: 1
x-request-id: bc22d63e-e33f-4342-b788-9e2c94a026a3
x-runtime: 0.085547
x-xss-protection: 0
Nel: {"report_to":"cf-nel","success_fraction":0.0,"max_age":604800}
cf-cache-status: DYNAMIC
Report-To: {"group":"cf-nel","max_age":604800,"endpoints":[{"url":"https://a.nel.cloudflare.com/report/v4?s=PAiS7D1JHEhMvIJOckKlrQMo6ASx3MlRVXHbgrc55Zz8g%2BQKa4Tr81iUaGi2zlDJGu0mfan%2FBt1WLD3TPOELh908MCV3tXjkQRDNAQ%3D%3D"}]}
Server: cloudflare
CF-RAY: 9aa287bb0c08a042-SIN
alt-svc: h3=":443"; ma=86400

{
    "id": 8281624,
    "name": "ankita",
    "email": "RA_automation1765094740103@gmail.com",
    "gender": "male",
    "status": "active"
}
{
    "id": 8281624,
    "name": "ankita",
    "email": "RA_automation1765094740103@gmail.com",
    "gender": "male",
    "status": "active"
}
]]></system-out>
  </testcase>
  <testcase name="createAUserTest[puneet, male, inactive](2)" classname="com.api.qa.gorest.tests.CreateUserTest" time="0.886">
    <system-out><![CDATA[Request method:	POST
Request URI:	https://gorest.co.in/public/v2/users
Proxy:			<none>
Request params:	<none>
Query params:	<none>
Form params:	<none>
Path params:	<none>
Headers:		Accept=application/json, application/javascript, text/javascript, text/json
				Authorization=Bearer f4d6f854c93a235616c4cbf2fc4ecd38684edabc8d88a2aac53a85e802632170
				Content-Type=application/json
Cookies:		<none>
Multiparts:		<none>
Body:
{
    "name": "puneet",
    "email": "RA_automation1765094742358@gmail.com",
    "gender": "male",
    "status": "inactive"
}
HTTP/1.1 201 Created
Date: Sun, 07 Dec 2025 08:07:36 GMT
Content-Type: application/json; charset=utf-8
Content-Length: 113
Connection: keep-alive
Cache-Control: max-age=0, private, must-revalidate
etag: W/"d55d99e9aca91f79a99f1828213988ba"
feature-policy: camera 'none'; gyroscope 'none'; microphone 'none'; usb 'none'; fullscreen 'self'
location: https://gorest.co.in/public/v2/users/8281625
referrer-policy: strict-origin-when-cross-origin
vary: Origin
x-content-type-options: nosniff
x-download-options: noopen
x-frame-options: SAMEORIGIN
x-permitted-cross-domain-policies: none
x-ratelimit-limit: 90
x-ratelimit-remaining: 89
x-ratelimit-reset: 1
x-request-id: ca43a116-3d6c-46e9-9d70-83e00e83db45
x-runtime: 0.090782
x-xss-protection: 0
Nel: {"report_to":"cf-nel","success_fraction":0.0,"max_age":604800}
cf-cache-status: DYNAMIC
Report-To: {"group":"cf-nel","max_age":604800,"endpoints":[{"url":"https://a.nel.cloudflare.com/report/v4?s=ysfaGsaznLALQHyfF1aqQpGyzohjBTUqJ6Q8hIfZ7S087EqMgfkUpU9xOTqlJsuFZa0%2Bq1ccXeJKyHykZeKG8iX8aXexN8COl%2Bq7WA%3D%3D"}]}
Server: cloudflare
CF-RAY: 9aa287c0cd8bfd03-SIN
alt-svc: h3=":443"; ma=86400

{
    "id": 8281625,
    "name": "puneet",
    "email": "RA_automation1765094742358@gmail.com",
    "gender": "male",
    "status": "inactive"
}
{
    "id": 8281625,
    "name": "puneet",
    "email": "RA_automation1765094742358@gmail.com",
    "gender": "male",
    "status": "inactive"
}
]]></system-out>
  </testcase>
  <testcase name="createAUserTest[mukul, male, active](3)" classname="com.api.qa.gorest.tests.CreateUserTest" time="0.854">
    <system-out><![CDATA[Request method:	POST
Request URI:	https://gorest.co.in/public/v2/users
Proxy:			<none>
Request params:	<none>
Query params:	<none>
Form params:	<none>
Path params:	<none>
Headers:		Accept=application/json, application/javascript, text/javascript, text/json
				Authorization=Bearer f4d6f854c93a235616c4cbf2fc4ecd38684edabc8d88a2aac53a85e802632170
				Content-Type=application/json
Cookies:		<none>
Multiparts:		<none>
Body:
{
    "name": "mukul",
    "email": "RA_automation1765094743242@gmail.com",
    "gender": "male",
    "status": "active"
}
HTTP/1.1 201 Created
Date: Sun, 07 Dec 2025 08:07:36 GMT
Content-Type: application/json; charset=utf-8
Content-Length: 110
Connection: keep-alive
Cache-Control: max-age=0, private, must-revalidate
etag: W/"006d21cb691ebee001fcde0dcad59bc0"
feature-policy: camera 'none'; gyroscope 'none'; microphone 'none'; usb 'none'; fullscreen 'self'
location: https://gorest.co.in/public/v2/users/8281627
referrer-policy: strict-origin-when-cross-origin
vary: Origin
x-content-type-options: nosniff
x-download-options: noopen
x-frame-options: SAMEORIGIN
x-permitted-cross-domain-policies: none
x-ratelimit-limit: 90
x-ratelimit-remaining: 89
x-ratelimit-reset: 1
x-request-id: dba84391-bcb4-4b6a-8304-e3523cfb74db
x-runtime: 0.081663
x-xss-protection: 0
Nel: {"report_to":"cf-nel","success_fraction":0.0,"max_age":604800}
cf-cache-status: DYNAMIC
Report-To: {"group":"cf-nel","max_age":604800,"endpoints":[{"url":"https://a.nel.cloudflare.com/report/v4?s=bf%2BChYCbTF3atRg8Ii7P9dUNEyO7m55Uzns6x3zngJivCONpzAHw7%2FvwypFc7qU2ctZPiHdt4YUKLglj6PTl32LVHyEKKUOC7S6DHQ%3D%3D"}]}
Server: cloudflare
CF-RAY: 9aa287c5fd90ff87-SIN
alt-svc: h3=":443"; ma=86400

{
    "id": 8281627,
    "name": "mukul",
    "email": "RA_automation1765094743242@gmail.com",
    "gender": "male",
    "status": "active"
}
{
    "id": 8281627,
    "name": "mukul",
    "email": "RA_automation1765094743242@gmail.com",
    "gender": "male",
    "status": "active"
}
]]></system-out>
  </testcase>
  <testcase name="createAUserTest[sonu, male, active](4)" classname="com.api.qa.gorest.tests.CreateUserTest" time="0.812">
    <system-out><![CDATA[Request method:	POST
Request URI:	https://gorest.co.in/public/v2/users
Proxy:			<none>
Request params:	<none>
Query params:	<none>
Form params:	<none>
Path params:	<none>
Headers:		Accept=application/json, application/javascript, text/javascript, text/json
				Authorization=Bearer f4d6f854c93a235616c4cbf2fc4ecd38684edabc8d88a2aac53a85e802632170
				Content-Type=application/json
Cookies:		<none>
Multiparts:		<none>
Body:
{
    "name": "sonu",
    "email": "RA_automation1765094744098@gmail.com",
    "gender": "male",
    "status": "active"
}
HTTP/1.1 201 Created
Date: Sun, 07 Dec 2025 08:07:37 GMT
Content-Type: application/json; charset=utf-8
Content-Length: 109
Connection: keep-alive
Cache-Control: max-age=0, private, must-revalidate
etag: W/"d1301352e074fd01707c4859ff56a053"
feature-policy: camera 'none'; gyroscope 'none'; microphone 'none'; usb 'none'; fullscreen 'self'
location: https://gorest.co.in/public/v2/users/8281628
referrer-policy: strict-origin-when-cross-origin
vary: Origin
x-content-type-options: nosniff
x-download-options: noopen
x-frame-options: SAMEORIGIN
x-permitted-cross-domain-policies: none
x-ratelimit-limit: 90
x-ratelimit-remaining: 89
x-ratelimit-reset: 1
x-request-id: 6e463944-97e8-4539-b8d1-66fb05b63460
x-runtime: 0.086429
x-xss-protection: 0
Nel: {"report_to":"cf-nel","success_fraction":0.0,"max_age":604800}
cf-cache-status: DYNAMIC
Report-To: {"group":"cf-nel","max_age":604800,"endpoints":[{"url":"https://a.nel.cloudflare.com/report/v4?s=Z6mSa5eJilabSlt%2B1hk2IBqcu1doblma7Q6bybwAdBL7DyFSm1ftOZ3NFGi5a6D346b5XfiCf9cfLmTCJ8WUJC78sKhBhX5wmGZhvw%3D%3D"}]}
Server: cloudflare
CF-RAY: 9aa287cb3999cdf6-SIN
alt-svc: h3=":443"; ma=86400

{
    "id": 8281628,
    "name": "sonu",
    "email": "RA_automation1765094744098@gmail.com",
    "gender": "male",
    "status": "active"
}
{
    "id": 8281628,
    "name": "sonu",
    "email": "RA_automation1765094744098@gmail.com",
    "gender": "male",
    "status": "active"
}
]]></system-out>
  </testcase>
  <testcase name="createAUserTest[raja, male, active](5)" classname="com.api.qa.gorest.tests.CreateUserTest" time="0.705">
    <system-out><![CDATA[Request method:	POST
Request URI:	https://gorest.co.in/public/v2/users
Proxy:			<none>
Request params:	<none>
Query params:	<none>
Form params:	<none>
Path params:	<none>
Headers:		Accept=application/json, application/javascript, text/javascript, text/json
				Authorization=Bearer f4d6f854c93a235616c4cbf2fc4ecd38684edabc8d88a2aac53a85e802632170
				Content-Type=application/json
Cookies:		<none>
Multiparts:		<none>
Body:
{
    "name": "raja",
    "email": "RA_automation1765094744914@gmail.com",
    "gender": "male",
    "status": "active"
}
HTTP/1.1 201 Created
Date: Sun, 07 Dec 2025 08:07:38 GMT
Content-Type: application/json; charset=utf-8
Content-Length: 109
Connection: keep-alive
Cache-Control: max-age=0, private, must-revalidate
etag: W/"2ee46c3c3e432fc916b4e3e5770a7f89"
feature-policy: camera 'none'; gyroscope 'none'; microphone 'none'; usb 'none'; fullscreen 'self'
location: https://gorest.co.in/public/v2/users/8281629
referrer-policy: strict-origin-when-cross-origin
vary: Origin
x-content-type-options: nosniff
x-download-options: noopen
x-frame-options: SAMEORIGIN
x-permitted-cross-domain-policies: none
x-ratelimit-limit: 90
x-ratelimit-remaining: 89
x-ratelimit-reset: 1
x-request-id: f49db1f5-02b5-4934-944d-91fe10ad97d1
x-runtime: 0.083023
x-xss-protection: 0
Nel: {"report_to":"cf-nel","success_fraction":0.0,"max_age":604800}
cf-cache-status: DYNAMIC
Report-To: {"group":"cf-nel","max_age":604800,"endpoints":[{"url":"https://a.nel.cloudflare.com/report/v4?s=ax1pxU%2Bm6ZCmv5FLIpjIqbXd%2B7ePxKZhvnRxHSc5kdnjAjdUCATUlzjn6IsHuYlDUmnot97IEtTbsQHAdu2FAbmOUZdFDk9bkOB1Kw%3D%3D"}]}
Server: cloudflare
CF-RAY: 9aa287d09ef7fda3-SIN
alt-svc: h3=":443"; ma=86400

{
    "id": 8281629,
    "name": "raja",
    "email": "RA_automation1765094744914@gmail.com",
    "gender": "male",
    "status": "active"
}
{
    "id": 8281629,
    "name": "raja",
    "email": "RA_automation1765094744914@gmail.com",
    "gender": "male",
    "status": "active"
}
]]></system-out>
  </testcase>
  <testcase name="createAUserTest[pashika, female, active](6)" classname="com.api.qa.gorest.tests.CreateUserTest" time="0.96">
    <system-out><![CDATA[Request method:	POST
Request URI:	https://gorest.co.in/public/v2/users
Proxy:			<none>
Request params:	<none>
Query params:	<none>
Form params:	<none>
Path params:	<none>
Headers:		Accept=application/json, application/javascript, text/javascript, text/json
				Authorization=Bearer f4d6f854c93a235616c4cbf2fc4ecd38684edabc8d88a2aac53a85e802632170
				Content-Type=application/json
Cookies:		<none>
Multiparts:		<none>
Body:
{
    "name": "pashika",
    "email": "RA_automation1765094745614@gmail.com",
    "gender": "female",
    "status": "active"
}
HTTP/1.1 201 Created
Date: Sun, 07 Dec 2025 08:07:39 GMT
Content-Type: application/json; charset=utf-8
Content-Length: 114
Connection: keep-alive
Cache-Control: max-age=0, private, must-revalidate
etag: W/"573a7b9b808725bb2b28765493269512"
feature-policy: camera 'none'; gyroscope 'none'; microphone 'none'; usb 'none'; fullscreen 'self'
location: https://gorest.co.in/public/v2/users/8281631
referrer-policy: strict-origin-when-cross-origin
vary: Origin
x-content-type-options: nosniff
x-download-options: noopen
x-frame-options: SAMEORIGIN
x-permitted-cross-domain-policies: none
x-ratelimit-limit: 90
x-ratelimit-remaining: 89
x-ratelimit-reset: 1
x-request-id: 0fb5637f-cd8e-4780-8840-79785f23c6e0
x-runtime: 0.086495
x-xss-protection: 0
Nel: {"report_to":"cf-nel","success_fraction":0.0,"max_age":604800}
cf-cache-status: DYNAMIC
Report-To: {"group":"cf-nel","max_age":604800,"endpoints":[{"url":"https://a.nel.cloudflare.com/report/v4?s=0QQXyukyCw79Kpyo7ime2B8KbyHaoh%2BR3LjYx2rBqipmK%2FJA9SF0Ccgpkp%2BAkptjXPSszgI6OggMYXGDOiOJ6LvTYW30e0mr6pYp3w%3D%3D"}]}
Server: cloudflare
CF-RAY: 9aa287d4ada6f936-SIN
alt-svc: h3=":443"; ma=86400

{
    "id": 8281631,
    "name": "pashika",
    "email": "RA_automation1765094745614@gmail.com",
    "gender": "female",
    "status": "active"
}
{
    "id": 8281631,
    "name": "pashika",
    "email": "RA_automation1765094745614@gmail.com",
    "gender": "female",
    "status": "active"
}
]]></system-out>
  </testcase>
  <testcase name="createAUserTestWithJsonFile" classname="com.api.qa.gorest.tests.CreateUserTest" time="0.792">
    <failure message="1 expectation failed.&#10;Expected status code (&lt;200&gt; or &lt;201&gt;) but was &lt;422&gt;.&#10;" type="java.lang.AssertionError"><![CDATA[java.lang.AssertionError: 
1 expectation failed.
Expected status code (<200> or <201>) but was <422>.

	at java.base/jdk.internal.reflect.NativeConstructorAccessorImpl.newInstance0(Native Method)
	at java.base/jdk.internal.reflect.NativeConstructorAccessorImpl.newInstance(NativeConstructorAccessorImpl.java:62)
	at java.base/jdk.internal.reflect.DelegatingConstructorAccessorImpl.newInstance(DelegatingConstructorAccessorImpl.java:45)
	at java.base/java.lang.reflect.Constructor.newInstance(Constructor.java:490)
	at org.codehaus.groovy.reflection.CachedConstructor.invoke(CachedConstructor.java:73)
	at org.codehaus.groovy.reflection.CachedConstructor.doConstructorInvoke(CachedConstructor.java:60)
	at org.codehaus.groovy.runtime.callsite.ConstructorSite$ConstructorSiteNoUnwrap.callConstructor(ConstructorSite.java:86)
	at org.codehaus.groovy.runtime.callsite.CallSiteArray.defaultCallConstructor(CallSiteArray.java:57)
	at org.codehaus.groovy.runtime.callsite.AbstractCallSite.callConstructor(AbstractCallSite.java:263)
	at org.codehaus.groovy.runtime.callsite.AbstractCallSite.callConstructor(AbstractCallSite.java:277)
	at io.restassured.internal.ResponseSpecificationImpl$HamcrestAssertionClosure.validate(ResponseSpecificationImpl.groovy:512)
	at io.restassured.internal.ResponseSpecificationImpl$HamcrestAssertionClosure$validate$1.call(Unknown Source)
	at io.restassured.internal.ResponseSpecificationImpl.validate(ResponseSpecificationImpl.groovy:101)
	at io.restassured.internal.ValidatableResponseOptionsImpl.spec(ValidatableResponseOptionsImpl.java:288)
	at com.qa.api.client.RestClient.post(RestClient.java:144)
	at com.api.qa.gorest.tests.CreateUserTest.createAUserTestWithJsonFile(CreateUserTest.java:66)
	at java.base/jdk.internal.reflect.NativeMethodAccessorImpl.invoke0(Native Method)
	at java.base/jdk.internal.reflect.NativeMethodAccessorImpl.invoke(NativeMethodAccessorImpl.java:62)
	at java.base/jdk.internal.reflect.DelegatingMethodAccessorImpl.invoke(DelegatingMethodAccessorImpl.java:43)
	at java.base/java.lang.reflect.Method.invoke(Method.java:566)
	at org.testng.internal.invokers.MethodInvocationHelper.invokeMethod(MethodInvocationHelper.java:139)
	at org.testng.internal.invokers.TestInvoker.invokeMethod(TestInvoker.java:677)
	at org.testng.internal.invokers.TestInvoker.invokeTestMethod(TestInvoker.java:221)
	at org.testng.internal.invokers.MethodRunner.runInSequence(MethodRunner.java:50)
	at org.testng.internal.invokers.TestInvoker$MethodInvocationAgent.invoke(TestInvoker.java:969)
	at org.testng.internal.invokers.TestInvoker.invokeTestMethods(TestInvoker.java:194)
	at org.testng.internal.invokers.TestMethodWorker.invokeTestMethods(TestMethodWorker.java:148)
	at org.testng.internal.invokers.TestMethodWorker.run(TestMethodWorker.java:128)
	at java.base/java.util.ArrayList.forEach(ArrayList.java:1541)
	at org.testng.TestRunner.privateRun(TestRunner.java:829)
	at org.testng.TestRunner.run(TestRunner.java:602)
	at org.testng.SuiteRunner.runTest(SuiteRunner.java:437)
	at org.testng.SuiteRunner.runSequentially(SuiteRunner.java:431)
	at org.testng.SuiteRunner.privateRun(SuiteRunner.java:391)
	at org.testng.SuiteRunner.run(SuiteRunner.java:330)
	at org.testng.SuiteRunnerWorker.runSuite(SuiteRunnerWorker.java:52)
	at org.testng.SuiteRunnerWorker.run(SuiteRunnerWorker.java:95)
	at org.testng.TestNG.runSuitesSequentially(TestNG.java:1256)
	at org.testng.TestNG.runSuitesLocally(TestNG.java:1176)
	at org.testng.TestNG.runSuites(TestNG.java:1099)
	at org.testng.TestNG.run(TestNG.java:1067)
	at org.apache.maven.surefire.testng.TestNGExecutor.run(TestNGExecutor.java:308)
	at org.apache.maven.surefire.testng.TestNGXmlTestSuite.execute(TestNGXmlTestSuite.java:71)
	at org.apache.maven.surefire.testng.TestNGProvider.invoke(TestNGProvider.java:113)
	at org.apache.maven.surefire.booter.ForkedBooter.runSuitesInProcess(ForkedBooter.java:385)
	at org.apache.maven.surefire.booter.ForkedBooter.execute(ForkedBooter.java:162)
	at org.apache.maven.surefire.booter.ForkedBooter.run(ForkedBooter.java:507)
	at org.apache.maven.surefire.booter.ForkedBooter.main(ForkedBooter.java:495)
]]></failure>
    <system-out><![CDATA[Request method:	POST
Request URI:	https://gorest.co.in/public/v2/users
Proxy:			<none>
Request params:	<none>
Query params:	<none>
Form params:	<none>
Path params:	<none>
Headers:		Accept=application/json, application/javascript, text/javascript, text/json
				Authorization=Bearer f4d6f854c93a235616c4cbf2fc4ecd38684edabc8d88a2aac53a85e802632170
				Content-Type=application/json
Cookies:		<none>
Multiparts:		<none>
Body:
./src/test/resources/jsons/user.json
HTTP/1.1 422 Unprocessable Entity
Date: Sun, 07 Dec 2025 08:07:40 GMT
Content-Type: application/json; charset=utf-8
Content-Length: 54
Connection: keep-alive
Cache-Control: no-cache
feature-policy: camera 'none'; gyroscope 'none'; microphone 'none'; usb 'none'; fullscreen 'self'
referrer-policy: strict-origin-when-cross-origin
vary: Origin
x-content-type-options: nosniff
x-download-options: noopen
x-frame-options: SAMEORIGIN
x-permitted-cross-domain-policies: none
x-ratelimit-limit: 90
x-ratelimit-remaining: 89
x-ratelimit-reset: 1
x-request-id: ae6a0103-09a5-43e6-b8df-fe595fea4466
x-runtime: 0.063705
x-xss-protection: 0
Nel: {"report_to":"cf-nel","success_fraction":0.0,"max_age":604800}
cf-cache-status: DYNAMIC
Report-To: {"group":"cf-nel","max_age":604800,"endpoints":[{"url":"https://a.nel.cloudflare.com/report/v4?s=XPYoqa1zKzEAho%2B6%2F%2BiCNURZWuqr%2Bu2%2FmDOWbkV26jBhcBF0RTcYnzQBVaNuv0%2BqpDyeR520hp4VstztMQi64HhHgm4kfHwe8MfGoQ%3D%3D"}]}
Server: cloudflare
CF-RAY: 9aa287db28bc558c-SIN
alt-svc: h3=":443"; ma=86400

[
    {
        "field": "email",
        "message": "has already been taken"
    }
]
]]></system-out>
  </testcase>
  <testcase name="updateUserTest" classname="com.api.qa.gorest.tests.UpdateUserTest" time="2.113">
    <system-out><![CDATA[Request method:	POST
Request URI:	https://gorest.co.in/public/v2/users
Proxy:			<none>
Request params:	<none>
Query params:	<none>
Form params:	<none>
Path params:	<none>
Headers:		Accept=application/json, application/javascript, text/javascript, text/json
				Authorization=Bearer f4d6f854c93a235616c4cbf2fc4ecd38684edabc8d88a2aac53a85e802632170
				Content-Type=application/json
Cookies:		<none>
Multiparts:		<none>
Body:
{
    "name": "pashika",
    "email": "RA_automation1765094747465@gmail.com",
    "gender": "female",
    "status": "active"
}
HTTP/1.1 201 Created
Date: Sun, 07 Dec 2025 08:07:41 GMT
Content-Type: application/json; charset=utf-8
Content-Length: 114
Connection: keep-alive
Cache-Control: max-age=0, private, must-revalidate
etag: W/"550c10f8fc823483e7ac9f08596e98c9"
feature-policy: camera 'none'; gyroscope 'none'; microphone 'none'; usb 'none'; fullscreen 'self'
location: https://gorest.co.in/public/v2/users/8281632
referrer-policy: strict-origin-when-cross-origin
vary: Origin
x-content-type-options: nosniff
x-download-options: noopen
x-frame-options: SAMEORIGIN
x-permitted-cross-domain-policies: none
x-ratelimit-limit: 90
x-ratelimit-remaining: 89
x-ratelimit-reset: 1
x-request-id: c8414b6a-315d-4ad1-99c7-a4848826bbc0
x-runtime: 0.085504
x-xss-protection: 0
Nel: {"report_to":"cf-nel","success_fraction":0.0,"max_age":604800}
cf-cache-status: DYNAMIC
Report-To: {"group":"cf-nel","max_age":604800,"endpoints":[{"url":"https://a.nel.cloudflare.com/report/v4?s=fkis4yOhWNYhNyafWtY8NpDp0Q5o549f5AcJuziqSKZGUZBW8L%2FBLwCXf8T3EKL5FHyHITovvr15RqlpNfC2TAhPFexxt%2BIbmw70hQ%3D%3D"}]}
Server: cloudflare
CF-RAY: 9aa287e05dbf2739-SIN
alt-svc: h3=":443"; ma=86400

{
    "id": 8281632,
    "name": "pashika",
    "email": "RA_automation1765094747465@gmail.com",
    "gender": "female",
    "status": "active"
}
{
    "id": 8281632,
    "name": "pashika",
    "email": "RA_automation1765094747465@gmail.com",
    "gender": "female",
    "status": "active"
}
user id =====>8281632
Request method:	GET
Request URI:	https://gorest.co.in/public/v2/users/8281632
Proxy:			<none>
Request params:	<none>
Query params:	<none>
Form params:	<none>
Path params:	<none>
Headers:		Accept=application/json, application/javascript, text/javascript, text/json
				Authorization=Bearer f4d6f854c93a235616c4cbf2fc4ecd38684edabc8d88a2aac53a85e802632170
				Content-Type=application/json
Cookies:		<none>
Multiparts:		<none>
Body:			<none>
{
    "id": 8281632,
    "name": "pashika",
    "email": "RA_automation1765094747465@gmail.com",
    "gender": "female",
    "status": "active"
}
Request method:	PUT
Request URI:	https://gorest.co.in/public/v2/users/8281632
Proxy:			<none>
Request params:	<none>
Query params:	<none>
Form params:	<none>
Path params:	<none>
Headers:		Accept=application/json, application/javascript, text/javascript, text/json
				Authorization=Bearer f4d6f854c93a235616c4cbf2fc4ecd38684edabc8d88a2aac53a85e802632170
				Content-Type=application/json
Cookies:		<none>
Multiparts:		<none>
Body:
{
    "name": "vishnoi",
    "email": "RA_automation1765094747465@gmail.com",
    "gender": "female",
    "status": "inactive"
}
HTTP/1.1 200 OK
Date: Sun, 07 Dec 2025 08:07:42 GMT
Content-Type: application/json; charset=utf-8
Transfer-Encoding: chunked
Connection: keep-alive
Cache-Control: max-age=0, private, must-revalidate
etag: W/"295bbeaf48b49603d08d3bb200dede5f"
feature-policy: camera 'none'; gyroscope 'none'; microphone 'none'; usb 'none'; fullscreen 'self'
referrer-policy: strict-origin-when-cross-origin
vary: Origin
x-content-type-options: nosniff
x-download-options: noopen
x-frame-options: SAMEORIGIN
x-permitted-cross-domain-policies: none
x-ratelimit-limit: 90
x-ratelimit-remaining: 89
x-ratelimit-reset: 2
x-request-id: f6533580-394c-4587-8554-f7e40a7046bf
x-runtime: 0.070777
x-xss-protection: 0
Nel: {"report_to":"cf-nel","success_fraction":0.0,"max_age":604800}
cf-cache-status: DYNAMIC
Report-To: {"group":"cf-nel","max_age":604800,"endpoints":[{"url":"https://a.nel.cloudflare.com/report/v4?s=U5IQQ2haJkxS0k77ZsiNN%2BYE29e3dfKsmWSNmU%2FrB1uNb5D6cs1asFQnCFn8gy6VOhLtdeCZcAT1VHPXet8TRSPI7eUA5KmoDiztUA%3D%3D"}]}
Content-Encoding: gzip
Server: cloudflare
CF-RAY: 9aa287e9584dfd9b-SIN
alt-svc: h3=":443"; ma=86400

{
    "email": "RA_automation1765094747465@gmail.com",
    "name": "vishnoi",
    "gender": "female",
    "status": "inactive",
    "id": 8281632
}
{
    "email": "RA_automation1765094747465@gmail.com",
    "name": "vishnoi",
    "gender": "female",
    "status": "inactive",
    "id": 8281632
}
]]></system-out>
  </testcase>
  <testcase name="getAllProducts" classname="com.api.qa.products.tests.ProductAPITest" time="1.06">
    <system-out><![CDATA[Auth is not required here
Request method:	GET
Request URI:	https://fakestoreapi.com/products
Proxy:			<none>
Request params:	<none>
Query params:	<none>
Form params:	<none>
Path params:	<none>
Headers:		Accept=*/*
				Content-Type=*/*; charset=ISO-8859-1
Cookies:		<none>
Multiparts:		<none>
Body:			<none>
[
    {
        "id": 1,
        "title": "Fjallraven - Foldsack No. 1 Backpack, Fits 15 Laptops",
        "price": 109.95,
        "description": "Your perfect pack for everyday use and walks in the forest. Stash your laptop (up to 15 inches) in the padded sleeve, your everyday",
        "category": "men's clothing",
        "image": "https://fakestoreapi.com/img/81fPKd-2AYL._AC_SL1500_t.png",
        "rating": {
            "rate": 3.9,
            "count": 120
        }
    },
    {
        "id": 2,
        "title": "Mens Casual Premium Slim Fit T-Shirts ",
        "price": 22.3,
        "description": "Slim-fitting style, contrast raglan long sleeve, three-button henley placket, light weight & soft fabric for breathable and comfortable wearing. And Solid stitched shirts with round neck made for durability and a great fit for casual fashion wear and diehard baseball fans. The Henley style round neckline includes a three-button placket.",
        "category": "men's clothing",
        "image": "https://fakestoreapi.com/img/71-3HjGNDUL._AC_SY879._SX._UX._SY._UY_t.png",
        "rating": {
            "rate": 4.1,
            "count": 259
        }
    },
    {
        "id": 3,
        "title": "Mens Cotton Jacket",
        "price": 55.99,
        "description": "great outerwear jackets for Spring/Autumn/Winter, suitable for many occasions, such as working, hiking, camping, mountain/rock climbing, cycling, traveling or other outdoors. Good gift choice for you or your family member. A warm hearted love to Father, husband or son in this thanksgiving or Christmas Day.",
        "category": "men's clothing",
        "image": "https://fakestoreapi.com/img/71li-ujtlUL._AC_UX679_t.png",
        "rating": {
            "rate": 4.7,
            "count": 500
        }
    },
    {
        "id": 4,
        "title": "Mens Casual Slim Fit",
        "price": 15.99,
        "description": "The color could be slightly different between on the screen and in practice. / Please note that body builds vary by person, therefore, detailed size information should be reviewed below on the product description.",
        "category": "men's clothing",
        "image": "https://fakestoreapi.com/img/71YXzeOuslL._AC_UY879_t.png",
        "rating": {
            "rate": 2.1,
            "count": 430
        }
    },
    {
        "id": 5,
        "title": "John Hardy Women's Legends Naga Gold & Silver Dragon Station Chain Bracelet",
        "price": 695,
        "description": "From our Legends Collection, the Naga was inspired by the mythical water dragon that protects the ocean's pearl. Wear facing inward to be bestowed with love and abundance, or outward for protection.",
        "category": "jewelery",
        "image": "https://fakestoreapi.com/img/71pWzhdJNwL._AC_UL640_QL65_ML3_t.png",
        "rating": {
            "rate": 4.6,
            "count": 400
        }
    },
    {
        "id": 6,
        "title": "Solid Gold Petite Micropave ",
        "price": 168,
        "description": "Satisfaction Guaranteed. Return or exchange any order within 30 days.Designed and sold by Hafeez Center in the United States. Satisfaction Guaranteed. Return or exchange any order within 30 days.",
        "category": "jewelery",
        "image": "https://fakestoreapi.com/img/61sbMiUnoGL._AC_UL640_QL65_ML3_t.png",
        "rating": {
            "rate": 3.9,
            "count": 70
        }
    },
    {
        "id": 7,
        "title": "White Gold Plated Princess",
        "price": 9.99,
        "description": "Classic Created Wedding Engagement Solitaire Diamond Promise Ring for Her. Gifts to spoil your love more for Engagement, Wedding, Anniversary, Valentine's Day...",
        "category": "jewelery",
        "image": "https://fakestoreapi.com/img/71YAIFU48IL._AC_UL640_QL65_ML3_t.png",
        "rating": {
            "rate": 3,
            "count": 400
        }
    },
    {
        "id": 8,
        "title": "Pierced Owl Rose Gold Plated Stainless Steel Double",
        "price": 10.99,
        "description": "Rose Gold Plated Double Flared Tunnel Plug Earrings. Made of 316L Stainless Steel",
        "category": "jewelery",
        "image": "https://fakestoreapi.com/img/51UDEzMJVpL._AC_UL640_QL65_ML3_t.png",
        "rating": {
            "rate": 1.9,
            "count": 100
        }
    },
    {
        "id": 9,
        "title": "WD 2TB Elements Portable External Hard Drive - USB 3.0 ",
        "price": 64,
        "description": "USB 3.0 and USB 2.0 Compatibility Fast data transfers Improve PC Performance High Capacity; Compatibility Formatted NTFS for Windows 10, Windows 8.1, Windows 7; Reformatting may be required for other operating systems; Compatibility may vary depending on user’s hardware configuration and operating system",
        "category": "electronics",
        "image": "https://fakestoreapi.com/img/61IBBVJvSDL._AC_SY879_t.png",
        "rating": {
            "rate": 3.3,
            "count": 203
        }
    },
    {
        "id": 10,
        "title": "SanDisk SSD PLUS 1TB Internal SSD - SATA III 6 Gb/s",
        "price": 109,
        "description": "Easy upgrade for faster boot up, shutdown, application load and response (As compared to 5400 RPM SATA 2.5” hard drive; Based on published specifications and internal benchmarking tests using PCMark vantage scores) Boosts burst write performance, making it ideal for typical PC workloads The perfect balance of performance and reliability Read/write speeds of up to 535MB/s/450MB/s (Based on internal testing; Performance may vary depending upon drive capacity, host device, OS and application.)",
        "category": "electronics",
        "image": "https://fakestoreapi.com/img/61U7T1koQqL._AC_SX679_t.png",
        "rating": {
            "rate": 2.9,
            "count": 470
        }
    },
    {
        "id": 11,
        "title": "Silicon Power 256GB SSD 3D NAND A55 SLC Cache Performance Boost SATA III 2.5",
        "price": 109,
        "description": "3D NAND flash are applied to deliver high transfer speeds Remarkable transfer speeds that enable faster bootup and improved overall system performance. The advanced SLC Cache Technology allows performance boost and longer lifespan 7mm slim design suitable for Ultrabooks and Ultra-slim notebooks. Supports TRIM command, Garbage Collection technology, RAID, and ECC (Error Checking & Correction) to provide the optimized performance and enhanced reliability.",
        "category": "electronics",
        "image": "https://fakestoreapi.com/img/71kWymZ+c+L._AC_SX679_t.png",
        "rating": {
            "rate": 4.8,
            "count": 319
        }
    },
    {
        "id": 12,
        "title": "WD 4TB Gaming Drive Works with Playstation 4 Portable External Hard Drive",
        "price": 114,
        "description": "Expand your PS4 gaming experience, Play anywhere Fast and easy, setup Sleek design with high capacity, 3-year manufacturer's limited warranty",
        "category": "electronics",
        "image": "https://fakestoreapi.com/img/61mtL65D4cL._AC_SX679_t.png",
        "rating": {
            "rate": 4.8,
            "count": 400
        }
    },
    {
        "id": 13,
        "title": "Acer SB220Q bi 21.5 inches Full HD (1920 x 1080) IPS Ultra-Thin",
        "price": 599,
        "description": "21. 5 inches Full HD (1920 x 1080) widescreen IPS display And Radeon free Sync technology. No compatibility for VESA Mount Refresh Rate: 75Hz - Using HDMI port Zero-frame design | ultra-thin | 4ms response time | IPS panel Aspect ratio - 16: 9. Color Supported - 16. 7 million colors. Brightness - 250 nit Tilt angle -5 degree to 15 degree. Horizontal viewing angle-178 degree. Vertical viewing angle-178 degree 75 hertz",
        "category": "electronics",
        "image": "https://fakestoreapi.com/img/81QpkIctqPL._AC_SX679_t.png",
        "rating": {
            "rate": 2.9,
            "count": 250
        }
    },
    {
        "id": 14,
        "title": "Samsung 49-Inch CHG90 144Hz Curved Gaming Monitor (LC49HG90DMNXZA) – Super Ultrawide Screen QLED ",
        "price": 999.99,
        "description": "49 INCH SUPER ULTRAWIDE 32:9 CURVED GAMING MONITOR with dual 27 inch screen side by side QUANTUM DOT (QLED) TECHNOLOGY, HDR support and factory calibration provides stunningly realistic and accurate color and contrast 144HZ HIGH REFRESH RATE and 1ms ultra fast response time work to eliminate motion blur, ghosting, and reduce input lag",
        "category": "electronics",
        "image": "https://fakestoreapi.com/img/81Zt42ioCgL._AC_SX679_t.png",
        "rating": {
            "rate": 2.2,
            "count": 140
        }
    },
    {
        "id": 15,
        "title": "BIYLACLESEN Women's 3-in-1 Snowboard Jacket Winter Coats",
        "price": 56.99,
        "description": "Note:The Jackets is US standard size, Please choose size as your usual wear Material: 100% Polyester; Detachable Liner Fabric: Warm Fleece. Detachable Functional Liner: Skin Friendly, Lightweigt and Warm.Stand Collar Liner jacket, keep you warm in cold weather. Zippered Pockets: 2 Zippered Hand Pockets, 2 Zippered Pockets on Chest (enough to keep cards or keys)and 1 Hidden Pocket Inside.Zippered Hand Pockets and Hidden Pocket keep your things secure. Humanized Design: Adjustable and Detachable Hood and Adjustable cuff to prevent the wind and water,for a comfortable fit. 3 in 1 Detachable Design provide more convenience, you can separate the coat and inner as needed, or wear it together. It is suitable for different season and help you adapt to different climates",
        "category": "women's clothing",
        "image": "https://fakestoreapi.com/img/51Y5NI-I5jL._AC_UX679_t.png",
        "rating": {
            "rate": 2.6,
            "count": 235
        }
    },
    {
        "id": 16,
        "title": "Lock and Love Women's Removable Hooded Faux Leather Moto Biker Jacket",
        "price": 29.95,
        "description": "100% POLYURETHANE(shell) 100% POLYESTER(lining) 75% POLYESTER 25% COTTON (SWEATER), Faux leather material for style and comfort / 2 pockets of front, 2-For-One Hooded denim style faux leather jacket, Button detail on waist / Detail stitching at sides, HAND WASH ONLY / DO NOT BLEACH / LINE DRY / DO NOT IRON",
        "category": "women's clothing",
        "image": "https://fakestoreapi.com/img/81XH0e8fefL._AC_UY879_t.png",
        "rating": {
            "rate": 2.9,
            "count": 340
        }
    },
    {
        "id": 17,
        "title": "Rain Jacket Women Windbreaker Striped Climbing Raincoats",
        "price": 39.99,
        "description": "Lightweight perfet for trip or casual wear---Long sleeve with hooded, adjustable drawstring waist design. Button and zipper front closure raincoat, fully stripes Lined and The Raincoat has 2 side pockets are a good size to hold all kinds of things, it covers the hips, and the hood is generous but doesn't overdo it.Attached Cotton Lined Hood with Adjustable Drawstrings give it a real styled look.",
        "category": "women's clothing",
        "image": "https://fakestoreapi.com/img/71HblAHs5xL._AC_UY879_-2t.png",
        "rating": {
            "rate": 3.8,
            "count": 679
        }
    },
    {
        "id": 18,
        "title": "MBJ Women's Solid Short Sleeve Boat Neck V ",
        "price": 9.85,
        "description": "95% RAYON 5% SPANDEX, Made in USA or Imported, Do Not Bleach, Lightweight fabric with great stretch for comfort, Ribbed on sleeves and neckline / Double stitching on bottom hem",
        "category": "women's clothing",
        "image": "https://fakestoreapi.com/img/71z3kpMAYsL._AC_UY879_t.png",
        "rating": {
            "rate": 4.7,
            "count": 130
        }
    },
    {
        "id": 19,
        "title": "Opna Women's Short Sleeve Moisture",
        "price": 7.95,
        "description": "100% Polyester, Machine wash, 100% cationic polyester interlock, Machine Wash & Pre Shrunk for a Great Fit, Lightweight, roomy and highly breathable with moisture wicking fabric which helps to keep moisture away, Soft Lightweight Fabric with comfortable V-neck collar and a slimmer fit, delivers a sleek, more feminine silhouette and Added Comfort",
        "category": "women's clothing",
        "image": "https://fakestoreapi.com/img/51eg55uWmdL._AC_UX679_t.png",
        "rating": {
            "rate": 4.5,
            "count": 146
        }
    },
    {
        "id": 20,
        "title": "DANVOUY Womens T Shirt Casual Cotton Short",
        "price": 12.99,
        "description": "95%Cotton,5%Spandex, Features: Casual, Short Sleeve, Letter Print,V-Neck,Fashion Tees, The fabric is soft and has some stretch., Occasion: Casual/Office/Beach/School/Home/Street. Season: Spring,Summer,Autumn,Winter.",
        "category": "women's clothing",
        "image": "https://fakestoreapi.com/img/61pHAEJ4NML._AC_UX679_t.png",
        "rating": {
            "rate": 3.6,
            "count": 145
        }
    }
]
]]></system-out>
  </testcase>
</testsuite>