<?xml version="1.0" encoding="UTF-8"?>
<testng-results ignored="0" total="16" passed="16" failed="0" skipped="0">
  <reporter-output>
  </reporter-output>
  <suite started-at="2025-12-05T19:03:16 IST" name="API Regression Test Suite" finished-at="2025-12-05T19:04:44 IST" duration-ms="87284">
    <groups>
    </groups>
    <test started-at="2025-12-05T19:03:16 IST" name="Go Rest API Test - Get User" finished-at="2025-12-05T19:03:20 IST" duration-ms="3468">
      <class name="com.api.qa.gorest.tests.GetUserTest">
        <test-method is-config="true" signature="setup()[pri:0, instance:com.api.qa.gorest.tests.GetUserTest@5dd91bca]" started-at="2025-12-05T19:03:16 IST" name="setup" finished-at="2025-12-05T19:03:16 IST" duration-ms="109" status="PASS">
          <reporter-output>
          </reporter-output>
        </test-method> <!-- setup -->
        <test-method signature="getAllUsersTest()[pri:0, instance:com.api.qa.gorest.tests.GetUserTest@5dd91bca]" started-at="2025-12-05T19:03:16 IST" name="getAllUsersTest" finished-at="2025-12-05T19:03:18 IST" duration-ms="1853" status="PASS">
          <reporter-output>
          </reporter-output>
        </test-method> <!-- getAllUsersTest -->
        <test-method signature="getAllUsersTestWithQueryParamTest()[pri:0, instance:com.api.qa.gorest.tests.GetUserTest@5dd91bca]" started-at="2025-12-05T19:03:18 IST" name="getAllUsersTestWithQueryParamTest" finished-at="2025-12-05T19:03:19 IST" duration-ms="608" status="PASS">
          <reporter-output>
          </reporter-output>
        </test-method> <!-- getAllUsersTestWithQueryParamTest -->
        <test-method signature="getSingleUserTest()[pri:0, instance:com.api.qa.gorest.tests.GetUserTest@5dd91bca]" started-at="2025-12-05T19:03:19 IST" name="getSingleUserTest" finished-at="2025-12-05T19:03:20 IST" duration-ms="793" status="PASS">
          <reporter-output>
          </reporter-output>
        </test-method> <!-- getSingleUserTest -->
      </class> <!-- com.api.qa.gorest.tests.GetUserTest -->
    </test> <!-- Go Rest API Test - Get User -->
    <test started-at="2025-12-05T19:03:20 IST" name="Go Rest API Test- Create User" finished-at="2025-12-05T19:04:09 IST" duration-ms="48968">
      <class name="com.api.qa.gorest.tests.CreateUserTest">
        <test-method is-config="true" signature="setup()[pri:0, instance:com.api.qa.gorest.tests.CreateUserTest@a8e6492]" started-at="2025-12-05T19:03:20 IST" name="setup" finished-at="2025-12-05T19:03:20 IST" duration-ms="3" status="PASS">
          <reporter-output>
          </reporter-output>
        </test-method> <!-- setup -->
        <test-method is-config="true" signature="setUpToken()[pri:0, instance:com.api.qa.gorest.tests.CreateUserTest@a8e6492]" started-at="2025-12-05T19:03:20 IST" name="setUpToken" finished-at="2025-12-05T19:03:20 IST" duration-ms="1" status="PASS">
          <reporter-output>
          </reporter-output>
        </test-method> <!-- setUpToken -->
        <test-method signature="createAUserTest(java.lang.String,java.lang.String,java.lang.String)[pri:0, instance:com.api.qa.gorest.tests.CreateUserTest@a8e6492]" started-at="2025-12-05T19:03:20 IST" name="createAUserTest" data-provider="getUserExcelData" finished-at="2025-12-05T19:03:21 IST" duration-ms="922" status="PASS">
          <params>
            <param index="0">
              <value>
                <![CDATA[ankita]]>
              </value>
            </param>
            <param index="1">
              <value>
                <![CDATA[male]]>
              </value>
            </param>
            <param index="2">
              <value>
                <![CDATA[active]]>
              </value>
            </param>
          </params>
          <reporter-output>
          </reporter-output>
        </test-method> <!-- createAUserTest -->
        <test-method signature="createAUserTest(java.lang.String,java.lang.String,java.lang.String)[pri:0, instance:com.api.qa.gorest.tests.CreateUserTest@a8e6492]" started-at="2025-12-05T19:03:21 IST" name="createAUserTest" data-provider="getUserExcelData" finished-at="2025-12-05T19:03:22 IST" duration-ms="842" status="PASS">
          <params>
            <param index="0">
              <value>
                <![CDATA[puneet]]>
              </value>
            </param>
            <param index="1">
              <value>
                <![CDATA[male]]>
              </value>
            </param>
            <param index="2">
              <value>
                <![CDATA[inactive]]>
              </value>
            </param>
          </params>
          <reporter-output>
          </reporter-output>
        </test-method> <!-- createAUserTest -->
        <test-method signature="createAUserTest(java.lang.String,java.lang.String,java.lang.String)[pri:0, instance:com.api.qa.gorest.tests.CreateUserTest@a8e6492]" started-at="2025-12-05T19:03:22 IST" name="createAUserTest" data-provider="getUserExcelData" finished-at="2025-12-05T19:03:23 IST" duration-ms="842" status="PASS">
          <params>
            <param index="0">
              <value>
                <![CDATA[mukul]]>
              </value>
            </param>
            <param index="1">
              <value>
                <![CDATA[male]]>
              </value>
            </param>
            <param index="2">
              <value>
                <![CDATA[active]]>
              </value>
            </param>
          </params>
          <reporter-output>
          </reporter-output>
        </test-method> <!-- createAUserTest -->
        <test-method signature="createAUserTest(java.lang.String,java.lang.String,java.lang.String)[pri:0, instance:com.api.qa.gorest.tests.CreateUserTest@a8e6492]" started-at="2025-12-05T19:03:23 IST" name="createAUserTest" data-provider="getUserExcelData" finished-at="2025-12-05T19:03:45 IST" duration-ms="22284" status="PASS">
          <params>
            <param index="0">
              <value>
                <![CDATA[sonu]]>
              </value>
            </param>
            <param index="1">
              <value>
                <![CDATA[male]]>
              </value>
            </param>
            <param index="2">
              <value>
                <![CDATA[active]]>
              </value>
            </param>
          </params>
          <reporter-output>
          </reporter-output>
        </test-method> <!-- createAUserTest -->
        <test-method signature="createAUserTest(java.lang.String,java.lang.String,java.lang.String)[pri:0, instance:com.api.qa.gorest.tests.CreateUserTest@a8e6492]" started-at="2025-12-05T19:03:45 IST" name="createAUserTest" data-provider="getUserExcelData" finished-at="2025-12-05T19:03:46 IST" duration-ms="620" status="PASS">
          <params>
            <param index="0">
              <value>
                <![CDATA[raja]]>
              </value>
            </param>
            <param index="1">
              <value>
                <![CDATA[male]]>
              </value>
            </param>
            <param index="2">
              <value>
                <![CDATA[active]]>
              </value>
            </param>
          </params>
          <reporter-output>
          </reporter-output>
        </test-method> <!-- createAUserTest -->
        <test-method signature="createAUserTest(java.lang.String,java.lang.String,java.lang.String)[pri:0, instance:com.api.qa.gorest.tests.CreateUserTest@a8e6492]" started-at="2025-12-05T19:03:46 IST" name="createAUserTest" data-provider="getUserExcelData" finished-at="2025-12-05T19:03:47 IST" duration-ms="869" status="PASS">
          <params>
            <param index="0">
              <value>
                <![CDATA[pashika]]>
              </value>
            </param>
            <param index="1">
              <value>
                <![CDATA[female]]>
              </value>
            </param>
            <param index="2">
              <value>
                <![CDATA[active]]>
              </value>
            </param>
          </params>
          <reporter-output>
          </reporter-output>
        </test-method> <!-- createAUserTest -->
        <test-method signature="createAUserTestWithJsonFile()[pri:0, instance:com.api.qa.gorest.tests.CreateUserTest@a8e6492]" started-at="2025-12-05T19:03:47 IST" name="createAUserTestWithJsonFile" finished-at="2025-12-05T19:04:09 IST" duration-ms="21911" status="PASS">
          <reporter-output>
          </reporter-output>
        </test-method> <!-- createAUserTestWithJsonFile -->
      </class> <!-- com.api.qa.gorest.tests.CreateUserTest -->
    </test> <!-- Go Rest API Test- Create User -->
    <test started-at="2025-12-05T19:04:09 IST" name="Go Rest API Test- Update User" finished-at="2025-12-05T19:04:11 IST" duration-ms="2156">
      <class name="com.api.qa.gorest.tests.UpdateUserTest">
        <test-method is-config="true" signature="setup()[pri:0, instance:com.api.qa.gorest.tests.UpdateUserTest@60dce7ea]" started-at="2025-12-05T19:04:09 IST" name="setup" finished-at="2025-12-05T19:04:09 IST" duration-ms="1" status="PASS">
          <reporter-output>
          </reporter-output>
        </test-method> <!-- setup -->
        <test-method signature="updateUserTest()[pri:0, instance:com.api.qa.gorest.tests.UpdateUserTest@60dce7ea]" started-at="2025-12-05T19:04:09 IST" name="updateUserTest" finished-at="2025-12-05T19:04:11 IST" duration-ms="2151" status="PASS">
          <reporter-output>
          </reporter-output>
        </test-method> <!-- updateUserTest -->
        <test-method is-config="true" signature="setUpToken()[pri:0, instance:com.api.qa.gorest.tests.UpdateUserTest@60dce7ea]" started-at="2025-12-05T19:04:09 IST" name="setUpToken" finished-at="2025-12-05T19:04:09 IST" duration-ms="0" status="PASS">
          <reporter-output>
          </reporter-output>
        </test-method> <!-- setUpToken -->
      </class> <!-- com.api.qa.gorest.tests.UpdateUserTest -->
    </test> <!-- Go Rest API Test- Update User -->
    <test started-at="2025-12-05T19:04:11 IST" name="Go Rest API Test- Get Product" finished-at="2025-12-05T19:04:33 IST" duration-ms="21995">
      <class name="com.api.qa.products.tests.ProductAPITest">
        <test-method is-config="true" signature="setup()[pri:0, instance:com.api.qa.products.tests.ProductAPITest@6f8f9349]" started-at="2025-12-05T19:04:11 IST" name="setup" finished-at="2025-12-05T19:04:11 IST" duration-ms="1" status="PASS">
          <reporter-output>
          </reporter-output>
        </test-method> <!-- setup -->
        <test-method signature="getAllProducts()[pri:0, instance:com.api.qa.products.tests.ProductAPITest@6f8f9349]" started-at="2025-12-05T19:04:11 IST" name="getAllProducts" finished-at="2025-12-05T19:04:33 IST" duration-ms="21991" status="PASS">
          <reporter-output>
          </reporter-output>
        </test-method> <!-- getAllProducts -->
      </class> <!-- com.api.qa.products.tests.ProductAPITest -->
    </test> <!-- Go Rest API Test- Get Product -->
    <test started-at="2025-12-05T19:04:33 IST" name="Schema Validation Test" finished-at="2025-12-05T19:04:41 IST" duration-ms="8434">
      <class name="com.qa.api.schema.tests.GoRestUserAPISchemaTest">
        <test-method is-config="true" signature="setup()[pri:0, instance:com.qa.api.schema.tests.GoRestUserAPISchemaTest@47db5fa5]" started-at="2025-12-05T19:04:33 IST" name="setup" finished-at="2025-12-05T19:04:33 IST" duration-ms="1" status="PASS">
          <reporter-output>
          </reporter-output>
        </test-method> <!-- setup -->
        <test-method signature="createUserAPISchemaTest()[pri:0, instance:com.qa.api.schema.tests.GoRestUserAPISchemaTest@47db5fa5]" started-at="2025-12-05T19:04:33 IST" name="createUserAPISchemaTest" finished-at="2025-12-05T19:04:34 IST" duration-ms="789" status="PASS">
          <reporter-output>
          </reporter-output>
        </test-method> <!-- createUserAPISchemaTest -->
        <test-method signature="getUserAPISchemaTest()[pri:0, instance:com.qa.api.schema.tests.GoRestUserAPISchemaTest@47db5fa5]" started-at="2025-12-05T19:04:34 IST" name="getUserAPISchemaTest" finished-at="2025-12-05T19:04:41 IST" duration-ms="7628" status="PASS">
          <reporter-output>
          </reporter-output>
        </test-method> <!-- getUserAPISchemaTest -->
      </class> <!-- com.qa.api.schema.tests.GoRestUserAPISchemaTest -->
    </test> <!-- Schema Validation Test -->
    <test started-at="2025-12-05T19:04:41 IST" name="Spotify API Test- Get Album " finished-at="2025-12-05T19:04:42 IST" duration-ms="637">
      <class name="com.qa.api.spotify.tests.SpotifyAPITest">
        <test-method is-config="true" signature="setup()[pri:0, instance:com.qa.api.spotify.tests.SpotifyAPITest@6d304f9d]" started-at="2025-12-05T19:04:41 IST" name="setup" finished-at="2025-12-05T19:04:41 IST" duration-ms="1" status="PASS">
          <reporter-output>
          </reporter-output>
        </test-method> <!-- setup -->
        <test-method is-config="true" signature="getOAuth2Token()[pri:0, instance:com.qa.api.spotify.tests.SpotifyAPITest@6d304f9d]" started-at="2025-12-05T19:04:41 IST" name="getOAuth2Token" finished-at="2025-12-05T19:04:42 IST" duration-ms="237" status="PASS">
          <reporter-output>
          </reporter-output>
        </test-method> <!-- getOAuth2Token -->
        <test-method signature="getAlbumTest()[pri:0, instance:com.qa.api.spotify.tests.SpotifyAPITest@6d304f9d]" started-at="2025-12-05T19:04:42 IST" name="getAlbumTest" finished-at="2025-12-05T19:04:42 IST" duration-ms="393" status="PASS">
          <reporter-output>
          </reporter-output>
        </test-method> <!-- getAlbumTest -->
      </class> <!-- com.qa.api.spotify.tests.SpotifyAPITest -->
    </test> <!-- Spotify API Test- Get Album  -->
    <test started-at="2025-12-05T19:04:42 IST" name="BasicAuth API Test" finished-at="2025-12-05T19:04:44 IST" duration-ms="1509">
      <class name="com.qa.api.basicauth.tests.BasicAuthTest">
        <test-method is-config="true" signature="setupAllureReport()[pri:0, instance:com.qa.api.basicauth.tests.BasicAuthTest@4cc6fa2a]" started-at="2025-12-05T19:03:16 IST" name="setupAllureReport" finished-at="2025-12-05T19:03:16 IST" duration-ms="282" status="PASS">
          <reporter-output>
          </reporter-output>
        </test-method> <!-- setupAllureReport -->
        <test-method is-config="true" signature="setup()[pri:0, instance:com.qa.api.basicauth.tests.BasicAuthTest@4cc6fa2a]" started-at="2025-12-05T19:04:42 IST" name="setup" finished-at="2025-12-05T19:04:42 IST" duration-ms="0" status="PASS">
          <reporter-output>
          </reporter-output>
        </test-method> <!-- setup -->
        <test-method signature="basicAuthTest()[pri:0, instance:com.qa.api.basicauth.tests.BasicAuthTest@4cc6fa2a]" started-at="2025-12-05T19:04:42 IST" name="basicAuthTest" finished-at="2025-12-05T19:04:44 IST" duration-ms="1492" status="PASS">
          <reporter-output>
          </reporter-output>
        </test-method> <!-- basicAuthTest -->
      </class> <!-- com.qa.api.basicauth.tests.BasicAuthTest -->
    </test> <!-- BasicAuth API Test -->
  </suite> <!-- API Regression Test Suite -->
</testng-results>
