<?xml version="1.0" encoding="UTF-8"?>
<!-- Generated by org.testng.reporters.JUnitXMLReporter -->
<testsuite ignored="0" hostname="LAPTOP-3LGPHJ70" failures="0" tests="7" name="Go Rest API Test- Create User" time="48.968" errors="0" timestamp="2025-12-05T19:04:09 IST">
  <testcase classname="com.api.qa.gorest.tests.CreateUserTest" name="createAUserTest" time="0.922"/>
  <testcase classname="com.api.qa.gorest.tests.CreateUserTest" name="createAUserTest" time="0.842"/>
  <testcase classname="com.api.qa.gorest.tests.CreateUserTest" name="createAUserTest" time="0.842"/>
  <testcase classname="com.api.qa.gorest.tests.CreateUserTest" name="createAUserTest" time="22.284"/>
  <testcase classname="com.api.qa.gorest.tests.CreateUserTest" name="createAUserTest" time="0.62"/>
  <testcase classname="com.api.qa.gorest.tests.CreateUserTest" name="createAUserTest" time="0.869"/>
  <testcase classname="com.api.qa.gorest.tests.CreateUserTest" name="createAUserTestWithJsonFile" time="21.911"/>
</testsuite> <!-- Go Rest API Test- Create User -->
