<?xml version="1.0" encoding="UTF-8"?>
<!-- Generated by org.testng.reporters.JUnitXMLReporter -->
<testsuite ignored="0" hostname="LAPTOP-3LGPHJ70" failures="0" tests="3" name="Go Rest API Test - Get User" time="3.468" errors="0" timestamp="2025-12-05T19:03:20 IST">
  <testcase classname="com.api.qa.gorest.tests.GetUserTest" name="getAllUsersTest" time="1.853"/>
  <testcase classname="com.api.qa.gorest.tests.GetUserTest" name="getAllUsersTestWithQueryParamTest" time="0.608"/>
  <testcase classname="com.api.qa.gorest.tests.GetUserTest" name="getSingleUserTest" time="0.793"/>
</testsuite> <!-- Go Rest API Test - Get User -->
