<?xml version="1.0" encoding="UTF-8"?>
<!-- Generated by org.testng.reporters.JUnitXMLReporter -->
<testsuite ignored="0" hostname="LAPTOP-3LGPHJ70" failures="0" tests="2" name="Schema Validation Test" time="8.434" errors="0" timestamp="2025-12-05T19:04:41 IST">
  <testcase classname="com.qa.api.schema.tests.GoRestUserAPISchemaTest" name="createUserAPISchemaTest" time="0.789"/>
  <testcase classname="com.qa.api.schema.tests.GoRestUserAPISchemaTest" name="getUserAPISchemaTest" time="7.628"/>
</testsuite> <!-- Schema Validation Test -->
