<?xml version="1.0" encoding="UTF-8"?>
<!-- Generated by org.testng.reporters.JUnitReportReporter -->
<testsuite hostname="LAPTOP-3LGPHJ70" failures="0" tests="1" name="com.api.qa.products.tests.ProductAPITestWithJsonPath" time="1.696" errors="0" timestamp="2025-12-05T09:46:35 IST" skipped="0">
  <testcase classname="com.api.qa.products.tests.ProductAPITestWithJsonPath" name="getProductTest" time="1.696"/>
  <system-out/>
</testsuite> <!-- com.api.qa.products.tests.ProductAPITestWithJsonPath -->
