<?xml version="1.0" encoding="UTF-8"?>
<!-- Generated by org.testng.reporters.JUnitReportReporter -->
<testsuite hostname="LAPTOP-3LGPHJ70" failures="0" tests="7" name="com.api.qa.gorest.tests.CreateUserTest" time="48.290" errors="0" timestamp="2025-12-05T19:04:44 IST" skipped="0">
  <testcase classname="com.api.qa.gorest.tests.CreateUserTest" name="createAUserTest" time="0.922"/>
  <system-out/>
  <testcase classname="com.api.qa.gorest.tests.CreateUserTest" name="createAUserTestWithJsonFile" time="21.911"/>
  <system-out/>
  <testcase classname="com.api.qa.gorest.tests.CreateUserTest" name="createAUserTest" time="22.284"/>
  <system-out/>
  <testcase classname="com.api.qa.gorest.tests.CreateUserTest" name="createAUserTest" time="0.620"/>
  <system-out/>
  <testcase classname="com.api.qa.gorest.tests.CreateUserTest" name="createAUserTest" time="0.842"/>
  <system-out/>
  <testcase classname="com.api.qa.gorest.tests.CreateUserTest" name="createAUserTest" time="0.842"/>
  <system-out/>
  <testcase classname="com.api.qa.gorest.tests.CreateUserTest" name="createAUserTest" time="0.869"/>
  <system-out/>
</testsuite> <!-- com.api.qa.gorest.tests.CreateUserTest -->
