<?xml version="1.0" encoding="UTF-8"?>
<!-- Generated by org.testng.reporters.JUnitReportReporter -->
<testsuite hostname="LAPTOP-3LGPHJ70" failures="0" tests="3" name="com.api.qa.gorest.tests.GetUserTest" time="3.254" errors="0" timestamp="2025-12-05T19:04:44 IST" skipped="0">
  <testcase classname="com.api.qa.gorest.tests.GetUserTest" name="getAllUsersTest" time="1.853"/>
  <system-out/>
  <testcase classname="com.api.qa.gorest.tests.GetUserTest" name="getAllUsersTestWithQueryParamTest" time="0.608"/>
  <system-out/>
  <testcase classname="com.api.qa.gorest.tests.GetUserTest" name="getSingleUserTest" time="0.793"/>
  <system-out/>
</testsuite> <!-- com.api.qa.gorest.tests.GetUserTest -->
