<?xml version="1.0" encoding="UTF-8"?>
<!-- Generated by org.testng.reporters.JUnitReportReporter -->
<testsuite hostname="LAPTOP-3LGPHJ70" failures="0" tests="3" name="com.api.qa.gorest.tests.GetUserTest" time="6.372" errors="0" timestamp="2025-12-06T21:49:55 IST" skipped="0">
  <testcase classname="com.api.qa.gorest.tests.GetUserTest" name="getSingleUserTest" time="1.550"/>
  <system-out/>
  <testcase classname="com.api.qa.gorest.tests.GetUserTest" name="getAllUsersTestWithQueryParamTest" time="3.331"/>
  <system-out/>
  <testcase classname="com.api.qa.gorest.tests.GetUserTest" name="getAllUsersTest" time="1.491"/>
  <system-out/>
</testsuite> <!-- com.api.qa.gorest.tests.GetUserTest -->
