<?xml version="1.0" encoding="UTF-8"?>
<!-- Generated by org.testng.reporters.JUnitReportReporter -->
<testsuite hostname="7f265a76b29f" failures="0" tests="3" name="com.api.qa.gorest.tests.GetUserTest" time="6.650" errors="0" timestamp="2025-12-07T08:05:51 UTC" skipped="0">
  <testcase classname="com.api.qa.gorest.tests.GetUserTest" name="getAllUsersTestWithQueryParamTest" time="0.850"/>
  <system-out/>
  <testcase classname="com.api.qa.gorest.tests.GetUserTest" name="getAllUsersTest" time="3.539"/>
  <system-out/>
  <testcase classname="com.api.qa.gorest.tests.GetUserTest" name="getSingleUserTest" time="2.261"/>
  <system-out/>
</testsuite> <!-- com.api.qa.gorest.tests.GetUserTest -->
