<?xml version="1.0" encoding="UTF-8"?>
<!-- Generated by org.testng.reporters.JUnitXMLReporter -->
<testsuite ignored="0" hostname="LAPTOP-3LGPHJ70" failures="0" tests="3" name="Go Rest API Test - Get User" time="6.628" errors="0" timestamp="2025-12-06T21:49:43 IST">
  <testcase classname="com.api.qa.gorest.tests.GetUserTest" name="getAllUsersTest" time="1.491"/>
  <testcase classname="com.api.qa.gorest.tests.GetUserTest" name="getAllUsersTestWithQueryParamTest" time="3.331"/>
  <testcase classname="com.api.qa.gorest.tests.GetUserTest" name="getSingleUserTest" time="1.55"/>
</testsuite> <!-- Go Rest API Test - Get User -->
