<?xml version="1.0" encoding="UTF-8"?>
<!-- Generated by org.testng.reporters.JUnitXMLReporter -->
<testsuite ignored="0" hostname="7f265a76b29f" failures="1" tests="7" name="Go Rest API Test- Create User" time="10.99" errors="0" timestamp="2025-12-07T08:05:47 UTC">
  <testcase classname="com.api.qa.gorest.tests.CreateUserTest" name="createAUserTest" time="2.26"/>
  <testcase classname="com.api.qa.gorest.tests.CreateUserTest" name="createAUserTest" time="0.878"/>
  <testcase classname="com.api.qa.gorest.tests.CreateUserTest" name="createAUserTest" time="0.846"/>
  <testcase classname="com.api.qa.gorest.tests.CreateUserTest" name="createAUserTest" time="0.791"/>
  <testcase classname="com.api.qa.gorest.tests.CreateUserTest" name="createAUserTest" time="0.699"/>
  <testcase classname="com.api.qa.gorest.tests.CreateUserTest" name="createAUserTest" time="0.95"/>
  <testcase classname="com.api.qa.gorest.tests.CreateUserTest" name="createAUserTestWithJsonFile" time="0.753">
    <failure type="java.lang.AssertionError" message="1 expectation failed.
Expected status code (&amp;lt;200&amp;gt; or &amp;lt;201&amp;gt;) but was &amp;lt;422&amp;gt;.
">
      <![CDATA[java.lang.AssertionError: 1 expectation failed.
Expected status code (<200> or <201>) but was <422>.

at org.codehaus.groovy.runtime.callsite.ConstructorSite$ConstructorSiteNoUnwrap.callConstructor(ConstructorSite.java:86)
at org.codehaus.groovy.runtime.callsite.CallSiteArray.defaultCallConstructor(CallSiteArray.java:57)
at org.codehaus.groovy.runtime.callsite.AbstractCallSite.callConstructor(AbstractCallSite.java:263)
at org.codehaus.groovy.runtime.callsite.AbstractCallSite.callConstructor(AbstractCallSite.java:277)
at io.restassured.internal.ResponseSpecificationImpl$HamcrestAssertionClosure.validate(ResponseSpecificationImpl.groovy:512)
at io.restassured.internal.ResponseSpecificationImpl$HamcrestAssertionClosure$validate$1.call(Unknown Source)
at io.restassured.internal.ResponseSpecificationImpl.validate(ResponseSpecificationImpl.groovy:101)
at io.restassured.internal.ValidatableResponseOptionsImpl.spec(ValidatableResponseOptionsImpl.java:288)
at com.qa.api.client.RestClient.post(RestClient.java:144)
at com.api.qa.gorest.tests.CreateUserTest.createAUserTestWithJsonFile(CreateUserTest.java:66)
at java.base/java.util.ArrayList.forEach(ArrayList.java:1541)
... Removed 37 stack frames]]>
    </failure>
  </testcase> <!-- createAUserTestWithJsonFile -->
</testsuite> <!-- Go Rest API Test- Create User -->
