<?xml version="1.0" encoding="UTF-8"?>
<!-- Generated by org.testng.reporters.JUnitXMLReporter -->
<testsuite ignored="0" hostname="LAPTOP-3LGPHJ70" failures="1" tests="7" name="Go Rest API Test- Create User" time="8.541" errors="0" timestamp="2025-12-06T21:49:52 IST">
  <testcase classname="com.api.qa.gorest.tests.CreateUserTest" name="createAUserTest" time="1.745"/>
  <testcase classname="com.api.qa.gorest.tests.CreateUserTest" name="createAUserTest" time="0.986"/>
  <testcase classname="com.api.qa.gorest.tests.CreateUserTest" name="createAUserTest" time="0.719"/>
  <testcase classname="com.api.qa.gorest.tests.CreateUserTest" name="createAUserTest" time="0.632"/>
  <testcase classname="com.api.qa.gorest.tests.CreateUserTest" name="createAUserTest" time="1.557"/>
  <testcase classname="com.api.qa.gorest.tests.CreateUserTest" name="createAUserTest" time="0.684"/>
  <testcase classname="com.api.qa.gorest.tests.CreateUserTest" name="createAUserTestWithJsonFile" time="0.849">
    <failure type="java.lang.AssertionError" message="1 expectation failed.
Expected status code (&amp;lt;200&amp;gt; or &amp;lt;201&amp;gt;) but was &amp;lt;422&amp;gt;.
">
      <![CDATA[java.lang.AssertionError: 1 expectation failed.
Expected status code (<200> or <201>) but was <422>.

at org.codehaus.groovy.runtime.callsite.ConstructorSite$ConstructorSiteNoUnwrapNoCoerce.callConstructor(ConstructorSite.java:108)
at org.codehaus.groovy.runtime.callsite.CallSiteArray.defaultCallConstructor(CallSiteArray.java:57)
at org.codehaus.groovy.runtime.callsite.AbstractCallSite.callConstructor(AbstractCallSite.java:263)
at org.codehaus.groovy.runtime.callsite.AbstractCallSite.callConstructor(AbstractCallSite.java:277)
at io.restassured.internal.ResponseSpecificationImpl$HamcrestAssertionClosure.validate(ResponseSpecificationImpl.groovy:512)
at io.restassured.internal.ResponseSpecificationImpl$HamcrestAssertionClosure$validate$1.call(Unknown Source)
at io.restassured.internal.ResponseSpecificationImpl.validate(ResponseSpecificationImpl.groovy:101)
at io.restassured.internal.ValidatableResponseOptionsImpl.spec(ValidatableResponseOptionsImpl.java:288)
at com.qa.api.client.RestClient.post(RestClient.java:144)
at com.api.qa.gorest.tests.CreateUserTest.createAUserTestWithJsonFile(CreateUserTest.java:66)
at java.base/java.util.ArrayList.forEach(ArrayList.java:1511)
... Removed 37 stack frames]]>
    </failure>
  </testcase> <!-- createAUserTestWithJsonFile -->
</testsuite> <!-- Go Rest API Test- Create User -->
