<?xml version="1.0" encoding="UTF-8"?>
<!-- Generated by org.testng.reporters.JUnitXMLReporter -->
<testsuite ignored="0" hostname="7f265a76b29f" failures="0" tests="3" name="Go Rest API Test - Get User" time="7.539" errors="0" timestamp="2025-12-07T08:05:36 UTC">
  <testcase classname="com.api.qa.gorest.tests.GetUserTest" name="getAllUsersTest" time="3.539"/>
  <testcase classname="com.api.qa.gorest.tests.GetUserTest" name="getAllUsersTestWithQueryParamTest" time="0.85"/>
  <testcase classname="com.api.qa.gorest.tests.GetUserTest" name="getSingleUserTest" time="2.261"/>
</testsuite> <!-- Go Rest API Test - Get User -->
